\BOOKMARK [2][-]{section*.1}{\376\377\000M\000a\000u\000r\000o\000\040\000L\000e\000p\000o\000r\000e}{}% 1
\BOOKMARK [2][-]{section*.2}{\376\377\000E\000X\000P\000E\000R\000I\000E\000N\000C\000E}{}% 2
\BOOKMARK [3][-]{section*.3}{\376\377\000S\000o\000f\000t\000w\000a\000r\000e\000\040\000e\000n\000g\000i\000n\000e\000e\000r\000,\000\040\000d\000a\000t\000a\000\040\000s\000c\000i\000e\000n\000c\000e\000\040\000c\000o\000n\000s\000u\000l\000t\000a\000n\000t}{section*.2}% 3
\BOOKMARK [3][-]{section*.4}{\376\377\000D\000a\000t\000a\000\040\000s\000c\000i\000e\000n\000c\000e\000\040\000i\000n\000s\000t\000r\000u\000c\000t\000o\000r\000\040\000\050\000v\000o\000l\000u\000n\000t\000e\000e\000r\000\051}{section*.2}% 4
\BOOKMARK [3][-]{section*.5}{\376\377\000P\000o\000s\000t\000d\000o\000c\000t\000o\000r\000a\000l\000\040\000r\000e\000s\000e\000a\000r\000c\000h\000\040\000f\000e\000l\000l\000o\000w}{section*.2}% 5
\BOOKMARK [3][-]{section*.6}{\376\377\000T\000e\000a\000c\000h\000i\000n\000g\000\040\000u\000n\000i\000v\000e\000r\000s\000i\000t\000y\000\040\000s\000t\000u\000d\000e\000n\000t\000s}{section*.2}% 6
\BOOKMARK [3][-]{section*.7}{\376\377\000T\000e\000a\000c\000h\000i\000n\000g\000\040\000u\000n\000i\000v\000e\000r\000s\000i\000t\000y\000\040\000s\000t\000u\000d\000e\000n\000t\000s}{section*.2}% 7
\BOOKMARK [3][-]{section*.8}{\376\377\000T\000e\000a\000c\000h\000i\000n\000g\000\040\000h\000i\000g\000h\000\040\000s\000c\000h\000o\000o\000l\000\040\000s\000t\000u\000d\000e\000n\000t\000s}{section*.2}% 8
\BOOKMARK [3][-]{section*.9}{\376\377\000C\000u\000s\000t\000o\000m\000e\000r\000\040\000s\000e\000r\000v\000i\000c\000e\000\040\000\050\000p\000h\000o\000t\000o\000g\000r\000a\000p\000h\000e\000r\000\051}{section*.2}% 9
\BOOKMARK [3][-]{section*.10}{\376\377\000O\000u\000t\000r\000e\000a\000c\000h}{section*.2}% 10
\BOOKMARK [2][-]{section*.11}{\376\377\000E\000D\000U\000C\000A\000T\000I\000O\000N}{}% 11
\BOOKMARK [3][-]{section*.12}{\376\377\000T\000h\000e\000\040\000U\000n\000i\000v\000e\000r\000s\000i\000t\000y\000\040\000o\000f\000\040\000Q\000u\000e\000e\000n\000s\000l\000a\000n\000d\000,\000\040\000A\000u\000s\000t\000r\000a\000l\000i\000a}{section*.11}% 12
\BOOKMARK [3][-]{section*.13}{\376\377\000U\000n\000i\000v\000e\000r\000s\000i\000d\000a\000d\000\040\000d\000e\000\040\000B\000u\000e\000n\000o\000s\000\040\000A\000i\000r\000e\000s\000,\000\040\000A\000r\000g\000e\000n\000t\000i\000n\000a}{section*.11}% 13
\BOOKMARK [2][-]{section*.14}{\376\377\000C\000E\000R\000T\000I\000F\000I\000C\000A\000T\000I\000O\000N\000S}{}% 14
\BOOKMARK [3][-]{section*.15}{\376\377\000I\000n\000s\000t\000r\000u\000c\000t\000o\000r\000\040\000o\000f\000\040\000T\000h\000e\000\040\000C\000a\000r\000p\000e\000n\000t\000r\000i\000e\000s}{section*.14}% 15
\BOOKMARK [2][-]{section*.16}{\376\377\000S\000K\000I\000L\000L\000S}{}% 16
\BOOKMARK [3][-]{section*.17}{\376\377\000I\000n\000d\000u\000s\000t\000r\000y\000\040\000k\000n\000o\000w\000l\000e\000d\000g\000e}{section*.16}% 17
\BOOKMARK [3][-]{section*.18}{\376\377\000T\000o\000o\000l\000s\000\040\000\046\000\040\000t\000e\000c\000h\000n\000o\000l\000o\000g\000i\000e\000s}{section*.16}% 18
\BOOKMARK [2][-]{section*.19}{\376\377\000L\000A\000N\000G\000U\000A\000G\000E\000S}{}% 19
\BOOKMARK [2][-]{section*.20}{\376\377\000P\000R\000O\000J\000E\000C\000T\000S}{}% 20
\BOOKMARK [3][-]{section*.21}{\376\377\000t\000o\000r\000:\000\040\000I\000m\000p\000o\000r\000t\000\040\000M\000u\000l\000t\000i\000p\000l\000e\000\040\000F\000i\000l\000e\000s\000\040\000F\000r\000o\000m\000\040\000a\000\040\000S\000i\000n\000g\000l\000e\000\040\000D\000i\000r\000e\000c\000t\000o\000r\000y\000\040\000a\000t\000\040\000O\000n\000c\000e}{section*.20}% 21
\BOOKMARK [3][-]{section*.22}{\376\377\000f\000g\000e\000o\000:\000\040\000A\000n\000a\000l\000y\000z\000e\000\040\000F\000o\000r\000e\000s\000t\000\040\000D\000i\000v\000e\000r\000s\000i\000t\000y\000\040\000a\000n\000d\000\040\000D\000y\000n\000a\000m\000i\000c\000s}{section*.20}% 22
\BOOKMARK [2][-]{section*.23}{\376\377\000P\000E\000E\000R\000-\000R\000E\000V\000I\000E\000W\000E\000D\000\040\000P\000U\000B\000L\000I\000C\000A\000T\000I\000O\000N\000S}{}% 23
